[   0.000000] Initializing cgroup subys cpuset
[    0.000000] Initializing cgroup subsys cpu
[    0.000000] Initializing cgroup subsyscpacct
[    0.000000] Linux version 4.4.0-133-generic (buildd@lcy01-amd64-019) (gcc version 5.4.0 20160609 (Ubuntu 5.4.0-6ubuntu1~16.04.10) ) #159-Ubuntu SMP Fri Aug 10 07:26:31 UTC 2018 (Ubuntu 4.4.0-133.159-generic 4.4.134)
[   0.000000] KERNEL supported cpus:
[    0.000000]   Intel GenuineIntel
[    0.000000]   AMD AuthenticAMD
[    0.000000]   NSC Geode by NSC
[    0.000000]   Cyrix CyrixInstead
[    0.000000]   Centaur CentaurHauls
[    0.000000]   Transmeta GenuineTMx86
[    0.000000]   Transmeta TransmetaCPU
[    0.000000]   UMC UMC UMC UMC
[    0.000000] x86/fpu: xstate_offset[2]:  576, xstate_sizes[2]:  256
[    0.000000] x86/fpu: Supporting XSAVE feature 0x01: 'x87 floating point registers'
[   .000000] x86/fpu: Supporting XSAVE feature 0x02:'SSE registers'
[    0.000000] x86/fpu: Supporting XSAVE feature 0x04: 'AVX registers'
[    000000] x86/fpu: Enabled xstate features 0x7, context size is 832 bytes, using 'standard' format.
[    0.000000] x86/fpu: Using 'eager' FPU context switches.
[    0.000000] e820: BIOS-provided physical RAM map:
[    0.000000] BIOS-e820: [mem 0x0000000000000000-0x000000000009fbff] usable
[    0.000000] BIOS-e820: [mem 0x000000000009fc00-0x000000000009ffff] reserved
[   0.000000] BIOS-e820: [mem 0x00000000000f0000-0x00000000000fffff] reserved
[    0.000000] BIOS-e820: [mem 0x0000000000100000-0x000000003ffeffff] usable
[    0.000000] BIOS-e820: [mem 0x000000003fff0000-0x000000003fffffff] ACPI data
[    0.000000] BIOS-e820: [mem 0x00000000fec00000-0x00000000fec00fff] reserved
[    0.000000] BIOS-e820: [mem 0x00000000fee00000-0x00000000fee00fff] reserved
[    0.000000] BIOS-e820: [mem 0x00000000fffc0000-0x00000000ffffffff] reserved
[    0.000000] NX (Execute Disable) protection: active
[    0.0000000] SMBIOS 2.5 present.
[    0.000000] Hypervisor detected: KVM
[    0.000000] e820: last_pfn = 0x3fff0 max_arch_pfn = 0x100000
[    0.000000] MTRR: Disabled
[    0.000000] x86/PAT: MTRRs disabled, skipping PAT intialization too.
[    0.000000] CU MTRRs all blank - virtualized system.
[    0.000000] x86/PAT: Configuration [0-7]: WB  WT U- UC  WB  WT  UC UC      0.000000] found SMP MP-table at [mem 0x0009fff0-0x0009ffff] mapped at [c009fff0]
[    0.000000] Scanning 1 areas for low memory corruption
[    0.000000] RAMDISK: [mem 0x3631c000-037185fff]
[    0.000000] ACPI: Early table checksum verification disabled
[    0.000000] ACPI: RSDP 0x00000000000E0000 000024 (v02 VBOX  )
[    0.000000] ACPI: XSDT 0x000000003FFF0030 00003C (v01 VBOX   VBOXXSDT 00000001 ASL  00000061)
[    0.000000] ACPI: FACP 0x000000003FFF00F0 0000F4 (v04 VBOX   VBOXFACP 00000001 ASL  00000061)
[    0.000000] ACPI: DSDT 0x000000003FFF0470 0021FF (v02 VBOX   VBOXBIOS 00000002 INTL 20100528)
[    0.000000] ACPI: FACS 0x000000003FFF0200 000040
[    0.000000] ACPI: FACS x00000003FFF0200 000040
[    0.000000] ACPI: APIC 0x000000003FFF0240 00005C (v02 VBOX   VBOXAPIC 00000001 ASL  00000061)
[    0.000000] ACPI: SSDT 0x000000003FFF02A0 0001CC (v011 VBOX VBOXCPUT 00000002 INTL 20100528)
[    0.000000] 131MB HIGHMEM available.
[    0.000000] 891MB LOWMEM available.
[    0.000000]   mapped low ram: 0 - 37bfe00
[    0.000000]   low ram: 0 - 37bfe000
[    0.000000] kvm-clock: Using msrs 4b564d01 and 4b564d00
[    0.000000] kvm-clock: cpu 0, msr 0:37bfd001, primary cpu clock
[    0.000000] kvm-clock: using sched offset of 4135106464 cycles
[    0.000000] clocksource: kvm-clock: mask: 0xfffffffffffffff max_cycles: 0x1cd42e4dffb, max_idle_ns: 881590591483 ns
[    0.000000] Zone ranges:
[    0.000000]   DMA      [mem 0x0000000000001000-0x0000000000ffffff]
[    0.000000]  Normal   [mem 0x000000001000000-0x0000000037bfdfff]
[    0.000000]   HighMem  [mem 0x0000000037bfe000-0x000000003ffeffff]
[    0.000000] Movable zone start for each node
[    0.000000] Early memory node ranges
[    0.000000]   node   0: [mem 0x0000000000001000-0x000000000009efff]
[    0.000000]   node   0: [mem 0x0000000000100000-0x000000003ffeffff]
[    0.000000] Initmem setup node 0 [mem 0x0000000000001000-0x000000003ffeffff]
[    0.000000] Using APIC driver default
[    0.000000] ACPI: PM-Timer IO Port: 0x4008
[    0.000000] IOAPIC[0]: apic_id 2, version 32, address 0xfec00000, GSI 0-23
[    0.000000] ACPI: INT_SRC_OVR (bus 0 bus_irq 0 global_irq 2 dfl dfl)
[    0.000000] ACPI: INT_SRC_OVR (bus 0 bus_irq 9 global_irq 9 low level)
[    0.000000] Using ACPI (MADT) for SMP configuration information
[    0.000000] smpboot: Allowing 2 CPUs, 0 hotplug CPUs
[    0.000000] PM: Registered nosave memory: [mem 0x00000000-0x00000fff]
[    0.000000] PM: Registered nosave memory: [mem 0x0009f000-0x0009ffff]
[    0.000000] PM: Registered nosave memory: [mem 0x000a0000-0x000effff]
[    0.000000] PM: Registered nosave memory: [mem 0x000f0000-0x000fffff]
[    0.000000] e820: [mem 0x40000000-0xfebfffff] available for PCI devices
[    0.000000] Booting paravirtualized kernel on KVM[    0.000000] clocksource: refined-jiffies: mask: 0xffffffff max_cycles: 0xffffffff, max_idle_ns: 7645519600211568 ns
[    0.000000] setup_percpu: NR_CPUS:8 nr_cpumask_bits:8 nr_cpu_ids:2 nr_nodeid:1
[    0.0000]PERCPU: Embedded 19 pages/cpu @f71b0000 s47436 r0 d30388 u77824
[    0.000000] PV qspinlock hash table entries: 512 (order: 0, 4096 bytes)
[    0.000000] Built 1 zonelists in Zone order, mobility grouping on.  Total pages: 259800
[    0.000000] Kernel command line: BOOT_IMAGE=/boot/vmlinuz-4..0-133-generic root=LABEL=cloudimg-rootfs ro console=tty1 console=ttyS0
[    0.000000] PID hash tabe entries: 4096 (order: 2, 16384 bytes)
[    0.000000] Dentry cache hash table entries: 131072 (order: 7, 524288 bytes)
[    0.000000] Inode-cache hash table entries: 65536 (order: 6, 262144 bytes)
[    0.000000] Initializing CPU#0
[    0.000000] Initializing HighMem for node 0 (00037bfe:0003fff0)
[    0.000000] Initializing Movable for node 0 (00000000:00000000)
[    0.000000] Memory: 1008060K/1048120K available (8037K kernel code, 778K rwdata, 3180K rodata, 952K init, 800K bss, 40060K reserved, 0K cma-reservd, 135112K highmem)
[    0.000000] virtual kernel memory layout:
[    0.000000]     fixmap  : 0xfff15000 - 0xfffff000   ( 936 kB)
[    0.000000]     pkmap   : 0xffc00000 - 0xffe00000   (2048 kB)
[    0.000000]     vmalloc : 0xf83fe000 - 0xffbfe000   ( 120 MB)
[    0.000000]     lowmem  : 0xc0000000 - 0xf7bfe00  ( 891 MB)
[    0.000000]       .init : 0xc1bba000 - 0xc1ca8000   ( 952 kB)
[    0.000000]       .data : 0xc17d9aa8 - 0xc1bb8a00   (3963 kB)
[    0.000000]       .text : 0xc1000000 - 0xc17d9aa8   (8038 kB)
[    0.000000] Checking if this processor honours the WPP bit even in supervisor mode...Ok.
[    0.000000] SLUB: HWalign=64, Order=-3 MnObjects=0, CPUs=2, Nodes=1
[    0.000000] Hierarchical RCU implementation.
[    00000] 	Build-time adjustment of leaf fanout to 32.
[    0.000000] 	RCU restricting CPUs from NR_CPUS=8 to nr_cpu_ids=2.
[    0.000000] RCU: Adjusting geometry for rcu_fanout_leaf=32, nr_cpu_ids=2
[    0.000000] NR_IRQS:2304 nr_irqs:440 16
[    0.0000] Console: colour VGA+ 80x2
[    0.000000] console [tty1]enabled
[    0.000000] console [ttyS0] enabled
[    0.000000] allocated 1048576 bytes of page_ext
[    0.000000] tsc: Detected 2394.454 MHz processor
[    1.094520] Calibrating delay loop (skipped) preset value.. 4788.90 BogoMIPS (lpj=9577816)
[    1.096237] pid_max: default: 32768 minimum: 301
[    1.097152] ACPI: Core revision 20150930
[    1.098969] ACPI: 2 ACPI AML tables successfully acquired and loaded
[    1.100256]Security Framework initialized
[   1.116418] Yama: becoming mindful.
[    1.133565] AppArmor: AppArmor initialized
[    1.136793] Mount-cache hash table entries: 2048 (order: 1, 8192 bytes)
[    1.143801] Mountpoint-cache hash table entries: 2048 (order: 1, 8192 bytes)
[    1.156274] Initializing cgroup subsys io
[    1.157108] Initializing cgroup subsys memory
[    1.158001] Initializing cgroup subsys devices
[    1.158911] Initializing cgroup subsys freezer
[    1.171793] Initializing cgroup subsys net_cls
[    1.173013] Initializing cgroup subsys perf_event
[    1.174339] Initializing cgroup subsys net_prio
[    1.175653] Initializing cgroup subsys hugetlb
[    1.176530] Initializing cgroup subsys pids
[    1.179304] mce: CPU supports 0 MCE banks
[    1.183557] Last level iTLB entries: 4KB 1024, 2MB 1024, 4MB 1024
[    1.187946] Last level dTLB entries: 4KB 1024, 2MB 1024, 4MB 1024, 1GB 4
[    1.204105] Spectre V2 : Mitigation: Full generic retpoline
[    1.217088] Spectre V2 : Speculation control IBPB not-supported IBRS not-supported
[    1.224177] Spectre V2 : Filling RSB on context switch
[    1.257117] Speculative Store Bypass: Vulnerable
[    1.266615] Freeing SMP alternatives memory: 32K
[    1.291709] ftrace: allocating 31536 entries in 62 pages
[    1.362589] smpboot: APIC(0) Converting physical 0 to logical package 0
[    1.370602] smpboot: Max logical packages: 1
[    1.371748] Enabling APIC mode:  Flat.  Using 1 I/O APICs
[    1.375166] ..TIMER: vector=0x30 apic1=0 pin1=2 apic2=-1 pin2=-1
[    1.482245] smpboot: CPU0: Intel(R) Core(TM) i7-4500U CPU @ 1.80GHz (family: 0x6, model: 0x45, stepping: 0x1)
[    1.495911] Performance Events: unsupported p6 CPU model 69 no PMU driver, software events only.
[    1.503892] KVM setup paravirtual spinlock
[    1.506704] x86: Booting SMP configuration:
[    1.507652] .... node  #0, CPUs:      #1
[1266874885.574445] Initializing CPU#1
[    1.509175] kvm-clock: cpu 1, msr 0:37bfd041, secondary cpu clock
[    1.512137] mce: CPU supports 0 MCE banks
[    1.514881] x86: Booted up 1 node, 2 CPUs
[    1.548191] smpboot: Total of 2 processors activated (9577.81 BogoMIPS)
[    1.553374] devtmpfs: initialized
[    1.556819] evm: security.selinux
[    1.562812] evm: security.SMACK64
[    1.563716] evm: security.SMACK64EXEC
[    1.572900] evm: security.SMACK64TRANSMUTE
[    1.573990] evm: security.SMACK64MMAP
[    1.574746] evm: security.ima
[    1.575459] evm: security.capability
[    1.576534] clocksource: jiffies: mask: 0xffffffff max_cycles: 0xffffffff, max_idle_ns: 7645041785100000 ns
[    1.578343] futex hash table entries: 512 (order: 3, 32768 bytes)
[    1.584180] pinctrl core: initialized pinctrl subsystem
[    1.592288] RTC time:  9:44:55, date: 08/24/18
[    1.593625] NET: Registered protocol family 16
[    1.594678] EISA bus registered
[    1.606203] cpuidle: using governor ladder
[    1.618896] cpuidle: using governor menu
[    1.620310] PCCT header not found.
[    1.621359] ACPI: bus type PCI registered
[    1.622646] acpiphp: ACPI Hot Plug PCI Controller Driver version: 0.5
[    1.624477] PCI : PCI BIOS area is rw and x. Use pci=nobios if you want it NX.
[    1.626637] PCI: PCI BIOS revision 2.10 entry at 0xfda26, last bus=0
[    1.641030] PCI: Using configuration type 1 for base access
[    1.656705] ACPI: Added _OSI(Module Device)
[    1.658362] ACPI: Added _OSI(Processor Device)
[    1.659510] ACPI: Added _OSI(3.0 _SCP Extensions)
[    1.660686] ACPI: Added _OSI(Processor Aggregator Device)
[    1.663212] ACPI: Executed 1 blocks of module-level executable AML code
[    1.667280] ACPI: Interpreter enabled
[    1.669011] ACPI: (supports S0 S5)
[    1.669920] ACPI: Using IOAPIC for interrupt routing
[    1.671391] PCI: Using host bridge windows from ACPI; if necessary, use "pci=nocrs" and report a bug
[    1.689561] ACPI: PCI Root Bridge [PCI0] (domain 0000 [bus 00-ff])
[    1.691072] acpi PNP0A03:00: _OSC: OS supports [ASPM ClockPM Segments MSI]
[    1.692342] acpi PNP0A03:00: _OSC: not requesting OS control; OS requires [ExtendedConfig ASPM ClockPM MSI]
[    1.694936] acpi PNP0A03:00: fail to add MMCONFIG information, can't access extended PCI configuration space under this bridge.
[    1.698403] PCI host bridge to bus 0000:00
[    1.699654] pci_bus 0000:00: root bus resource [io  0x0000-0x0cf7 window]
[    1.701523] pci_bus 0000:00: root bus resource [io  0x0d00-0xffff window]
[    1.710597] pci_bus 0000:00: root bus resource [mem 0x000a0000-0x000bffff window]
[    1.712349] pci_bus 0000:00: root bus resource [mem 0x40000000-0xfdffffff window]
[    1.714252] pci_bus 0000:00: root bus resource [bus 00-ff]
[    1.718869] pci 0000:00:01.1: legacy IDE quirk: reg 0x10: [io  0x01f0-0x01f7]
[    1.720723] pci 0000:00:01.1: legacy IDE quirk: reg 0x14: [io  0x03f6]
[    1.721903] pci 0000:00:01.1: legacy IDE quirk: reg 0x18: [io  0x0170-0x0177]
[    1.723438] pci 0000:00:01.1: legacy IDE quirk: reg 0x1c: [io  0x0376]
[    1.744355] pci 0000:00:07.0: quirk: [io  0x4000-0x403f] claimed by PIIX4 ACPI
[    1.745893] pci 0000:00:07.0: quirk: [io  0x4100-0x410f] claimed by PIIX4 SMB
[    1.753942] ACPI: PCI Interrupt Link [LNKA] (IRQs 5 9 10 *11)
[    1.755768] ACPI: PCI Interrupt Link [LNKB] (IRQs 5 9 *10 11)
[    1.757274] ACPI: PCI Interrupt Link [LNKC] (IRQs 5 *9 10 11)
[    1.758965] ACPI: PCI Interrupt Link [LNKD] (IRQs 5 9 10 *11)
[    1.760559] ACPI: Enabled 2 GPEs in block 00 to 07
[    1.761895] vgaarb: setting as boot device: PCI:0000:00:02.0
[    1.762952] vgaarb: device added: PCI:0000:00:02.0,decodes=io+mem,owns=io+mem,locks=none
[    1.764798] vgaarb: loaded
[    1.765437] vgaarb: bridge control possible 0000:00:02.0
[    1.766717] SCSI subsystem initialized
[    1.768579] ACPI: bus type USB registered
[    1.770392] usbcore: registered new interface driver usbfs
[    1.771944] usbcore: registered new interface driver hub
[    1.773224] usbcore: registered new device driver usb
[    1.774779] PCI: Using ACPI for IRQ routing
[    1.775909] NetLabel: Initializing
[    1.776618] NetLabel:  domain hash size = 128
[    1.777492] NetLabel:  protocols = UNLABELED CIPSOv4
[    1.778516] NetLabel:  unlabeled traffic allowed by default
[    1.779734] amd_nb: Cannot enumerate AMD northbridges
[    1.780730] clocksource: Switched to clocksource kvm-clock
[    1.794650] AppArmor: AppArmor Filesystem Enabled
[    1.795684] pnp: PnP ACPI init
[    1.797159] pnp: PnP ACPI: found 3 devices
[    1.797997] PnPBIOS: Disabled by ACPI PNP
[    1.840663] clocksource: acpi_pm: mask: 0xffffff max_cycles: 0xffffff, max_idle_ns: 2085701024 ns
[    1.842465] NET: Registered protocol family 2
[    1.843811] TCP established hash table entries: 8192 (order: 3, 32768 bytes)
[    1.845050] TCP bind hash table entries: 8192 (order: 4, 65536 bytes)
[    1.846270] TCP: Hash tables configured (established 8192 bind 8192)
[    1.847432] UDP hash table entries: 512 (order: 2, 16384 bytes)
[    1.848466] UDP-Lite hash table entries: 512 (order: 2, 16384 bytes)
[    1.849637] NET: Registered protocol family 1
[    1.850840] pci 0000:00:00.0: Limiting direct PCI/PCI transfers
[    1.853118] pci 0000:00:01.0: Activating ISA DMA hang workarounds
[    1.861288] Unpacking initramfs...
[    2.188722] Freeing initrd memory: 14760K
[    2.193457] RAPL PMU detected, API unit is 2^-32 Joules, 4 fixed counters 10737418240 ms ovfl timer
[    2.201023] hw unit of domain pp0-core 2^-0 Joules
[    2.222113] hw unit of domain package 2^-0 Joules
[    2.224029] hw unit of domain dram 2^-0 Joules
[    2.235163] hw unit of domain pp1-gpu 2^-0 Joules
[    2.272123 patform rtc_cmos: registered platform RTC device (no PNP device found)
[   .324549] Scanning for low memory corruption every 60 scods

[    2.424284] audit: initializing netlink subsys (disabled)
[    2.434845] audit: type=2000 audit(1535103901.118:1): initialized
[    2.437757] Initialise system trusted keyring
[    2.454481] HugeTLB registered 2 MB page size, pre-allocated 0 pages
[    2.497955] zbud: loaded
[    2.501780] VFS: Disk quotas dquot_6.6.0
[    2.503324] VFS: Duot-cache has tbl entrs:1024 (order 0, 4096 bytes)
[   2.703902] squashfs: version 4.0 (2009/01/31) Phillip Lougher

[    2.733459] fuse init (API version 7.23)
[    2.735788] Key type big_key registered
[    2.736909] Allocating IMA MOK and blacklist keyrings.
[    2.745024] Key type asymmetric registered
[    2.746204] Asymmetric key parser 'x509' registered
[    2.747437] bounce: pool size: 64 pages
[    2.748547] Block layer SCSI generic (bsg) driver version 0.4 loaded (major 249)
[    2.758350] io scheduler noop registered
[    2.759575] io scheduler deadline registered (default)
[    2.760895] io scheduler cfq registered
[    2.762071] pci_hotplug: PCI Hot Plug PCI Core version: 0.5
[    2.763474] pciehp: PCI Express Hot Plug Controller Driver version: 0.4
[    2.765216] ACPI: AC Adapter [AC] (on-line)
[    2.766526] input: Power Button as /devices/LNXSYSTM:00/LNXPWRBN:00/input/input0
[    2.769255] ACPI: Power Button [PWRF]
[    2.770824] input: Sleep Button as /devices/LNXSYSTM:00/LNXSLPBN:00/input/input1
[    2.773233] ACPI: Sleep Button [SLPF]
[    2.775431] ACPI: Battery Slot [BAT0] (battery present)
[    2.776732] GHES: HEST is not enabled!
[    2.777907] isapnp: Scanning for PnP cards...
[    2.784964] Serial: 8250/16550 driver, 32 ports, IRQ sharing enabled
[    2.809302] 00:02: ttyS0 at I/O 0x3f8 (irq = 4, base_baud = 115200) is a 16550A
[    2.812515] Linux agpgart interface v0.103
[    2.827800] loop: module loaded
[    2.829249] scsi host0: ata_piix
[    2.830197] scsi host1: ata_piix
[    2.838083] ata1: PATA max UDMA/33 cmd 0x1f0 ctl 0x3f6 bmdma 0xd000 irq 14
[    2.851686] ata2: PATA max UDMA/33 cmd 0x170 ctl 0x376 bmdma 0xd008 irq 15
[    2.859721] libphy: Fixed MDIO Bus: probed
[    2.860716] tun: Universal TUN/TAP device driver, 1.6
[    2.861898] tun: (C) 1999-2004 Max Krasnyansky <maxk@qualcomm.com>
[    2.869766] PPP generic driver version 2.4.2
[    2.870941] ehci_hcd: USB 2.0 'Enhanced' Host Controller (EHCI) Driver
[    2.872618] ehci-pci: EHCI PCI platform driver
[    2.891691] ehci-platform: EHCI generic platform driver
[    2.893188] ohci_hcd: USB 1.1 'Open' Host Controller (OHCI) Driver
[    2.913963] ohci-pci: OHCI PCI platform driver
[    2.921466] ohci-platform: OHCI generic platform driver
[    2.922573] uhci_hcd: USB Universal Host Controller Interface driver
[    2.931000] i8042: PNP: PS/2 Controller [PNP0303:PS2K,PNP0f03:PS2M] at 0x60,0x64 irq 1,12
[    2.934118] serio: i8042 KBD port at 0x60,0x64 irq 1
[    2.949396] serio: i8042 AUX port at 0x60,0x64 irq 12
[    2.950804] mousedev: PS/2 mouse device common for all mice
[    2.953125] rtc_cmos rtc_cmos: rtc core: registered rtc_cmos as rtc0
[    2.960945] rtc_cmos rtc_cmos: alarms up to one day, 114 bytes nvram
[    2.980976] input: AT Translated Set 2 keyboard as /devices/platform/i8042/serio0/input/input2
[    2.983279] i2c /dev entries driver
[    2.997672] device-mapper: uevent: version 1.0.3
[    2.998710] device-mapper: ioctl: 4.34.0-ioctl (2015-10-28) initialised: dm-devel@redhat.com
[    3.006959] platform eisa.0: Probing EISA bus 0
[    3.007859] platform eisa.0: EISA: Cannot allocate resource for mainboard
[    3.009363] platform eisa.0: Cannot allocate resource for EISA slot 1
[    3.010743] platform eisa.0: Cannot allocate resource for EISA slot 2
[    3.013460] platform eisa.0: Cannot allocate resource for EISA slot 3
[    3.025872] platform eisa.0: Cannot allocate resource for EISA slot 4
[    3.027271] platform eisa.0: Cannot allocate resource for EISA slot 5
[    3.028656] platform eisa.0: Cannot allocate resource for EISA slot 6
[    3.030101] platform eisa.0: Cannot allocate resource for EISA slot 7
[    3.031442] platform eisa.0: Cannot allocate resource for EISA slot 8
[    3.033947] platform eisa.0: EISA: Detected 0 cards
[    3.040923] cpufreq-nforce2: No nForce2 chipset.
[    3.047531] ledtrig-cpu: registered to indicate activity on CPUs
[    3.048919] NET: Registered protocol family 10
[    3.056770] NET: Registered protocol family 17
[    3.057841] Key type dns_resolver registered
[    3.059077] Using IPI No-Shortcut mode
[    3.060191] registered taskstats version 1
[    3.061272] Loading compiled-in X.509 certificates
[    3.064885] Loaded X.509 cert 'Build time autogenerated kernel key: 4fba60174018a527bf3865a195c65e9d6f493f50'
[    3.072573] zswap: loaded using pool lzo/zbud
[    3.078414] Key type trusted registered
[    3.081824] Key type encrypted registered
[    3.088508] AppArmor: AppArmor sha1 policy hashing enabled
[    3.089711] ima: No TPM chip found, activating TPM-bypass!
[    3.090946] ima: Allocated hash algorithm: sha1
[    3.092150] evm: HMAC attrs: 0x1
[    3.093376]   Magic number: 14:453:728
[    3.119562] rtc_cmos rtc_cmos: setting system clock to 2018-08-24 09:44:57 UTC (1535103897)
[    3.127536] BIOS EDD facility v0.16 2004-Jun-25, 0 devices found
[    3.137110] EDD information not available.
[    3.150013] isapnp: No Plug & Play device found
[    3.152840] Freeing unused kernel memory: 952K
[    3.798291] tsc: Refined TSC clocksource calibration: 2393.265 MHz
[    3.858078] clocksource: tsc: mask: 0xffffffffffffffff max_cycles: 0x227f5d3d77e, max_idle_ns: 440795289962 ns
[    3.864648] Write protecting the kernel text: 8040k
[    3.866932] Write protecting the kernel read-only data: 3184k
[    3.870986] NX-protecting the kernel data: 6296k
Loading, please wait...
starting version[    3.896543] random: systemd-udevd: uninitialized urandom read (16 bytes read, 0 bits of entropy available)
 229
[    3.897764] random: udevadm: uninitialized urandom read (16 bytes read, 0 bits of entropy available)
[    3.920419] random: udevadm: uninitialized urandom read (16 bytes read, 0 bits of entropy available)
[    3.920505] random: udevadm: uninitialized urandom read (16 bytes read, 0 bits of entropy available)
[    3.920841] random: udevadm: uninitialized urandom read (16 bytes read, 0 bits of entropy available)
[    3.920943] random: udevadm: uninitialized urandom read (16 bytes read, 0 bits of entropy available)
[    3.921052] random: udevadm: uninitialized urandom read (16 bytes read, 0 bits of entropy available)
[    3.921179] random: udevadm: uninitialized urandom read (16 bytes read, 0 bits of entropy available)
[    3.921272] random: udevadm: uninitialized urandom read (16 bytes read, 0 bits of entropy available)
[    3.921361] random: udevadm: uninitialized urandom read (16 bytes read, 0 bits of entropy available)
[    4.041281] e1000: Intel(R) PRO/1000 Network Driver - version 7.3.21-k8-NAPI
[    4.042865] e1000: Copyright (c) 1999-2006 Intel Corporation.
[    4.047165] Fusion MPT base driver 3.04.20
[    4.048501] Copyright (c) 1999-2008 LSI Corporation
[    4.107607] Fusion MPT SPI Host driver 3.04.20
[    4.279555] input: ImExPS/2 Generic Explorer Mouse as /devices/platform/i8042/serio1/input/input4
[    4.496758] e1000 0000:00:03.0 eth0: (PCI:33MHz:32-bit) 02:f7:36:a5:6c:9a
[    4.501138] e1000 0000:00:03.0 eth0: Intel(R) PRO/1000 Network Connection
[    4.503806] mptbase: ioc0: Initiating bringup
[    4.504139] e1000 0000:00:03.0 enp0s3: renamed from eth0
[    4.597467] ioc0: LSI53C1030 A0: Capabilities={Initiator}
[    5.526332] scsi host2: ioc0: LSI53C1030 A0, FwRev=00000000h, Ports=1, MaxQ=256, IRQ=20
[    5.899154] scsi 2:0:0:0: Direct-Access     VBOX     HARDDISK         1.0  PQ: 0 ANSI: 5
[    5.955406] scsi target2:0:0: Beginning Domain Validation
[    6.217486] scsi target2:0:0: Domain Validation skipping write tests
[    6.218622] scsi target2:0:0: Ending Domain Validation
[    6.219680] scsi target2:0:0: asynchronous
[    6.221113] scsi 2:0:1:0: Direct-Access     VBOX     HARDDISK         1.0  PQ: 0 ANSI: 5
[    6.222791] scsi target2:0:1: Beginning Domain Validation
[    6.225329] scsi target2:0:1: Domain Validation skipping write tests
[    6.226459] scsi target2:0:1: Ending Domain Validation
[    6.227471] scsi target2:0:1: asynchronous
[    6.237765] sd 2:0:0:0: Attached scsi generic sg0 type 0
[    6.238859] sd 2:0:0:0: [sda] 20971520 512-byte logical blocks: (10.7 GB/10.0 GiB)
[    6.240627] sd 2:0:0:0: [sda] Write Protect is off
[    6.241818] sd 2:0:0:0: [sda] Incomplete mode parameter data
[    6.241963] sd 2:0:1:0: [sdb] 20480 512-byte logical blocks: (10.5 MB/10.0 MiB)
[    6.242117] sd 2:0:1:0: [sdb] Write Protect is off
[    6.242258] sd 2:0:1:0: [sdb] Incomplete mode parameter data
[    6.242260] sd 2:0:1:0: [sdb] Assuming drive cache: write through
[    6.249856] sd 2:0:0:0: [sda] Assuming drive cache: write through
[    6.251611] sd 2:0:1:0: Attached scsi generic sg1 type 0
[    6.270922]  sda: sda1
[    6.272703] sd 2:0:1:0: [sdb] Attached SCSI disk
[    6.274217] sd 2:0:0:0: [sda] Attached SCSI disk
Begin: Loading essential drivers ... [    7.781164] md: linear personality registered for level -1
[    7.796072] md: multipath personality registered for level -4
[    7.819565] md: raid0 personality registered for level 0
[    7.838699] md: raid1 personality registered for level 1
[    7.933626] raid6: mmxx1    gen()  4786 MB/s
[    8.000782] raid6: mmxx2    gen()  4787 MB/s
[    8.068895] raid6: sse1x1   gen()  4116 MB/s
[    8.145059] raid6: sse1x2   gen()  5102 MB/s
[    8.212976] raid6: sse2x1   gen()  8205 MB/s
[    8.289001] raid6: sse2x1   xor()  6007 MB/s
[    8.356933] raid6: sse2x2   gen()  7539 MB/s
[    8.425212] raid6: sse2x2   xor()  6193 MB/s
[    8.492764] raid6: avx2x1   gen() 15751 MB/s
[    8.560946] raid6: avx2x2   gen() 18012 MB/s
[    8.570149] raid6: using algorithm avx2x2 gen() 18012 MB/s
[    8.571196] raid6: using avx2x1 recovery algorithm
[    8.575914] xor: automatically using best checksumming function:
[    8.617081]    avx       : 28134.000 MB/sec
[    8.637789] async_tx: api initialized (async)
[    8.665760] md: raid6 personality registered for level 6
[    8.679414] md: raid5 personality registered for level 5
[    8.682785] md: raid4 personality registered for level 4
[    8.702901] md: raid10 personality registered for level 10
done.
Begin: Running /scripts/init-premount ... done.
Begin: Mounting root file system ... Begin: Running /scripts/local-top ... done.
Begin: Running /scripts/local-premount ... [    8.759843] Btrfs loaded
Scanning for Btrfs filesystems
done.
Warning: fsck not present, so skipping root file system
[    8.793927] EXT4-fs (sda1): INFO: recovery required on readonly filesystem
[    8.802121] EXT4-fs (sda1): write access will be enabled during recovery
[    9.136098] EXT4-fs (sda1): orphan cleanup on readonly fs
[    9.150551] EXT4-fs (sda1): 5 orphan inodes deleted
[    9.581126] EXT4-fs (sda1): recovery complete
[    9.582883] EXT4-fs (sda1): mounted filesystem with ordered data mode. Opts: (null)
done.
Begin: Running /scripts/local-bottom ... done.
Begin: Running /scripts/init-bottom ... done.
[    9.987156] random: nonblocking pool is initialized
[   10.148744] systemd[1]: systemd 229 running in system mode. (+PAM +AUDIT +SELINUX +IMA +APPARMOR +SMACK +SYSVINIT +UTMP +LIBCRYPTSETUP +GCRYPT +GNUTLS +ACL +XZ -LZ4 +SECCOMP +BLKID +ELFUTILS +KMOD -IDN)
[   10.187750] systemd[1]: Detected virtualization oracle.
[   10.201056] systemd[1]: Detected architecture x86.

Welcome to [1mUbuntu 16.04.5 LTS[0m!

[   10.303656] systemd[1]: Set hostname to <ubuntu-xenial>.
[   11.072163] systemd[1]: Reached target Encrypted Volumes.
[[0;32m  OK  [0m] Reached target Encrypted Volumes.
[   11.077912] systemd[1]: Listening on LVM2 metadata daemon socket.
[[0;32m  OK  [0m] Listening on LVM2 metadata daemon socket.
[   11.080888] systemd[1]: Reached target System Time Synchronized.
[[0;32m  OK  [0m] Reached target System Time Synchronized.
[   11.084111] systemd[1]: Listening on LVM2 poll daemon socket.
[[0;32m  OK  [0m] Listening on LVM2 poll daemon socket.
[   11.113661] systemd[1]: Listening on /dev/initctl Compatibility Named Pipe.
[[0;32m  OK  [0m] Listening on /dev/initctl Compatibility Named Pipe.
[   11.173792] systemd[1]: Listening on udev Control Socket.
[[0;32m  OK  [0m] Listening on udev Control Socket.
[   11.209853] systemd[1]: Reached target User and Group Name Lookups.
[[0;32m  OK  [0m] Reached target User and Group Name Lookups.
[   11.249656] systemd[1]: Listening on udev Kernel Socket.
[[0;32m  OK  [0m] Listening on udev Kernel Socket.
[   11.305267] systemd[1]: Started Trigger resolvconf update for networkd DNS.
[[0;32m  OK  [0m] Started Trigger resolvconf update for networkd DNS.
[   11.377572] systemd[1]: Reached target Swap.
[[0;32m  OK  [0m] Reached target Swap.
[   11.394370] systemd[1]: Listening on Journal Socket (/dev/log).
[[0;32m  OK  [0m] Listening on Journal Socket (/dev/log).
[   11.437058] systemd[1]: Listening on Syslog Socket.
[[0;32m  OK  [0m] Listening on Syslog Socket.
[   11.469335] systemd[1]: Listening on Journal Audit Socket.
[[0;32m  OK  [0m] Listening on Journal Audit Socket.
[   11.509834] systemd[1]: Started Forward Password Requests to Wall Directory Watch.
[[0;32m  OK  [0m] Started Forward Password Requests to Wall Directory Watch.
[   11.563461] systemd[1]: Created slice User and Session Slice.
[[0;32m  OK  [0m] Created slice User and Session Slice.
[   11.581649] systemd[1]: Listening on Device-mapper event daemon FIFOs.
[[0;32m  OK  [0m] Listening on Device-mapper event daemon FIFOs.
[   11.585583] systemd[1]: Set up automount Arbitrary Executable File Formats File System Automount Point.
[[0;32m  OK  [0m] Set up automount Arbitrary Executab...ats File System Automount Point.
[   11.593820] systemd[1]: Listening on Journal Socket.
[[0;32m  OK  [0m] Listening on Journal Socket.
[   11.597446] systemd[1]: Created slice System Slice.
[[0;32m  OK  [0m] Created slice System Slice.
[   11.613787] systemd[1]: Starting Journal Service...
         Starting Journal Service...
[   11.619913] systemd[1]: Starting Remount Root and Kernel File Systems...
         Starting Remount Root and Kernel File Systems...
[   11.653929] systemd[1]: Starting Load Kernel Modules...
         Starting Load Kernel Modules...
[   11.659509] systemd[1]: Starting Set console keymap...
         Starting Set console keymap...
[   11.664076] systemd[1]: Starting Monitoring of LVM2 mirrors, snapshots etc. using dmeventd or progress polling...
         Starting Monitoring of LVM2 mirrors... dmeventd or progress polling...
[   11.680172] systemd[1]: Created slice system-serial\x2dgetty.slice.
[[0;32m  OK  [0m] Created slice system-serial\x2dgetty.slice.
[   11.713225] systemd[1]: Starting Nameserver information manager...
         Starting Nameserver information manager...
[   11.724810] systemd[1]: Mounting Debug File System...
         Mounting Debug File System...
[   11.735412] systemd[1]: Starting Create list of required static device nodes for the current kernel...
         Starting Create list of required st... nodes for the current kernel...
[   11.746421] systemd[1]: Mounting Huge Pages File System...
         Mounting Huge Pages File System...
[   11.757709] systemd[1]: Starting Uncomplicated firewall...
         Starting Uncomplicated firewall...
[   11.777565] systemd[1]: Reached target Slices.
[[0;32m  OK  [0m] Reached target Slices.
[   11.802336] systemd[1]: Mounting POSIX Message Queue File System...
         Mounting POSIX Message Queue File System...
[   11.812904] systemd[1]: Started Create list of required static device nodes for the current kernel.
[[0;32m  OK  [0m] Started Create list of required sta...ce nodes for the current kernel.
[   11.839421] systemd[1]: Started Uncomplicated firewall.
[[0;32m  OK  [0m] Started Uncomplicated firewall.
[   11.878050] Loading iSCSI transport class v2.0-870.
[   11.915865] EXT4-fs (sda1): re-mounted. Opts: (null)
[   11.917566] systemd[1]: Starting Create Static Device Nodes in /dev...
         Starting Create Static Device Nodes in /dev...
[   11.924546] systemd[1]: Mounted POSIX Message Queue File System.
[[0;32m  OK  [0m] Mounted POSIX Message Queue File System.
[   11.949649] systemd[1]: Mounted Huge Pages File System.
[[0;32m  OK  [0m] Mounted Huge Pag[   11.956693] iscsi: registered transport (tcp)
es File System.
[   12.004252] systemd[1]: Mounted Debug File System.
[[0;32m  OK  [0m] Mounted Debug File System.
[   12.015348] systemd[1]: Started Journal Service.
[[0;32m  OK  [0m] Started Journal Service.
[[0;32m  OK  [0m] Started Remount Root and Kernel File Systems.
[[0;32m  OK  [0m] Started Set console keymap.
[[0;32m  OK  [0m] Started Nameserver information manager.
[[0;32m  OK  [0m] Started LVM2 metadata daemon.
         Starting udev Coldplug all Devices...
         Starting Load/Save Random Seed...
[   12.147169] iscsi: registered transport (iser)
         Starting Flush Journal to Persistent Storage...
[[0;32m  OK  [0m] Started Load Kernel Modules.
[[0;32m  OK  [0m] Started Create Static Device Nodes in /dev.
[[0;32m  OK  [0m] Started Load/Save Random Seed.
[[0;32m  OK  [0m] Started udev Coldplug all Devices.
[   12.288187] systemd-journald[359]: Received request to flush runtime journal from PID 1
         Starting udev Kernel Device Manager...
         Mounting FUSE Control File System...
         Starting Apply Kernel Variables...
[[0;32m  OK  [0m] Mounted FUSE Control File System.
[[0;32m  OK  [0m] Started Flush Journal to Persistent Storage.
[[0;32m  OK  [0m] Started Monitoring of LVM2 mirrors,...ng dmeventd or progress polling.
[[0;32m  OK  [0m] Started Apply Kernel Variables.
[[0;32m  OK  [0m] Started udev Kernel Device Manager.
[[0;32m  OK  [0m] Started Dispatch Password Requests to Console Directory Watch.
[[0;32m  OK  [0m] Reached target Local File Systems (Pre).
[[0;32m  OK  [0m] Reached target Local File Systems.
         Starting Create Volatile Files and Directories...
         Starting LSB: AppArmor initialization...
         Starting Initial cloud-init job (pre-networking)...
         Starting Tell Plymouth To Write Out Runtime Data...
         Starting Set console font and keymap...
[[0;32m  OK  [0m] Started Create Volatile Files and Directories.
[[0;32m  OK  [0m] Started Tell Plymouth To Write Out Runtime Data.
[[0;32m  OK  [0m] Found device /dev/ttyS0.
         Starting Update UTMP about System Boot/Shutdown...
[[0;32m  OK  [0m] Listening on Load/Save RF Kill Switch Status /dev/rfkill Watch.
[[0;32m  OK  [0m] Started Update UTMP about System Boot/Shutdown.
[[0;32m  OK  [0m] Found device 82540EM Gigabit Ethern...r (PRO/1000 MT Desktop Adapter).
[[0;32m  OK  [0m] Started Set console font and keymap.
[[0;32m  OK  [0m] Created slice system-getty.slice.
[[0;32m  OK  [0m] Started LSB: AppArmor initialization.
[   14.624031] cloud-init[480]: Cloud-init v. 18.3-9-g2e62cb8a-0ubuntu1~16.04.2 running 'init-local' at Fri, 24 Aug 2018 09:45:09 +0000. Up 13.99 seconds.
[[0;32m  OK  [0m] Started Initial cloud-init job (pre-networking).
[[0;32m  OK  [0m] Reached target Network (Pre).
[[0;32m  OK  [0m] Started ifup for enp0s3.
         Starting Raise network interfaces...
[[0;32m  OK  [0m] Started Raise network interfaces.
[[0;32m  OK  [0m] Reached target Network.
         Starting Initial cloud-init job (metadata service crawler)...
[   16.011624] cloud-init[954]: Cloud-init v. 18.3-9-g2e62cb8a-0ubuntu1~16.04.2 running 'init' at Fri, 24 Aug 2018 09:45:11 +0000. Up 15.35 seconds.
[   16.025594] cloud-init[954]: ci-info: ++++++++++++++++++++++++++++++++++++++Net device info++++++++++++++++++++++++++++++++++++++
[   16.029399] cloud-init[954]: ci-info: +--------+------+----------------------------+---------------+--------+-------------------+
[   16.032130] cloud-init[954]: ci-info: | Device |  Up  |          Address           |      Mask     | Scope  |     Hw-Address    |
[   16.034872] cloud-init[954]: ci-info: +--------+------+----------------------------+---------------+--------+-------------------+
[   16.044038] cloud-init[954]: ci-info: | enp0s3 | True |         10.0.2.15          | 255.255.255.0 | global | 02:f7:36:a5:6c:9a |
[   16.062458] cloud-init[954]: ci-info: | enp0s3 | True | fe80::f7:36ff:fea5:6c9a/64 |       .       |  link  | 02:f7:36:a5:6c:9a |
[[0;32m  OK  [0m] Started Initial cloud-init job (metadata service crawler).
[[0;32m  OK  [0m] Reached target Cloud-config availability.
[[0;32m  OK  [0m] Reached target Network is Online.
[   16.075365] cloud-init[954]: ci-info: |   lo   | True |         127.0.0.1          |   255.0.0.0   |  host  |         .         |
[   16.261598]          cloud-initStarting iSCSI initiator daemon (iscsid)...[954]: 
ci-info: |   lo   | True |          ::1/128           |       .       |  host  |         .         |
[   16.262163] [cloud-init[0;32m  OK  [0m[954]: ] ci-info: +--------+------+----------------------------+---------------+--------+-------------------+Reached target System Initialization.

[   16.511082] cloud-init[954]: ci-info: +++++++++++++++++++++++++++Route IPv4 info++++++++++++++++++++++++++++
[   16.511725] cloud-init[954]: ci-info: +-------+-------------+----------+---------------+-----------+-------+
         Starting Socket activation for snappy daemon.
[   16.511777] cloud-init[954]: ci-info: | Route | Destination | Gateway  |    Genmask    | Interface | Flags |
[   16.723369] [[0;32m  OK  [0m] Started ACPI Events Check.
[[0;32m  OK  [0m] Reached target Paths.
cloud-init[954]: ci-info: +-------+-------------+----------+---------------+-----------+-------+
[   16.776647]          Starting LXD - unix socket.
[[0;32m  OK  [0m] Listening on UUID daemon activation socket.
cloud-init[954]: ci-info: |   0   |   0.0.0.0   | 10.0.2.2 |    0.0.0.0    |   enp0s3  |   UG  |
[   16.831490] cloud-init[954]: ci-info: |   1   |   10.0.2.0  | 0.0.0.0  | 255.255.255.0 |   enp0s3  |   U   |
[[0;32m  OK  [0m] Started Daily apt download activities.
[   16.835014] [[0;32m  OK  [0m] Listening on D-Bus System Message Bus Socket.
[[0;32m  OK  [0m] Listening on ACPID Listen Socket.
cloud-init[954]: ci-info: +-------+-------------+----------+---------------+-----------+-------+
[   16.875016] [[0;32m  OK  [0m] Started Daily Cleanup of Temporary Directories.
[[0;32m  OK  [0m] Started Daily apt upgrade and clean activities.
[[0;32m  OK  [0m] Reached target Timers.
cloud-init[954]: ci-info: +++++++++++++++++++Route IPv6 info+++++++++++++++++++
[   16.883174] cloud-init[954]: ci-info: +-------+-------------+---------+-----------+-------+
[   16.885716] cloud-init[954]: ci-info: | Route | Destination | Gateway | Interface | Flags |
[   16.893484] [[0;32m  OK  [0m] Listening on Socket activation for snappy daemon.
[[0;32m  OK  [0m] Listening on LXD - unix socket.
cloud-init[954]: ci-info: +-------+-------------+---------+-----------+-------+
[   16.898075] cloud-init[954]: ci-info: |   0   |  fe80::/64  |    ::   |   enp0s3  |   U   |
[   16.900883] cloud-init[954]: ci-info: |   3   |   ff00::/8  |    ::   |   enp0s3  |   U   |
[   16.903953] cloud-init[954]: ci-info: +-------+-------------+---------+-----------+-------+
[[0;32m  OK  [0m] Reached target Sockets.
[[0;32m  OK  [0m] Reached target Basic System.
[[0;32m  OK  [0m] Started ACPI event daemon.
[[0;32m  OK  [0m] Started Regular background program processing daemon.
[[0;32m  OK  [0m] Started FUSE filesystem for LXC.
         Starting MySQL Community Server...
         Starting vboxadd.service...
[[0;32m  OK  [0m] Started Unattended Upgrades Shutdown.
         Starting System Logging Service...
         Starting Login Service...
[[0;32m  OK  [0m] Started Deferred execution scheduler.
         Starting LSB: MD monitoring daemon...
         Starting LSB: Record successful boot for GRUB...
         Starting /etc/rc.local Compatibility...
[[0;32m  OK  [0m] Started D-Bus System Message Bus.
         Starting OpenBSD Secure Shell server...
         Starting Accounts Service...
         Starting LXD - container startup/shutdown...
         Starting Snappy daemon...
[[0;32m  OK  [0m] Started System Logging Service.
[[0;32m  OK  [0m] Started iSCSI initiator daemon (iscsid).
[[0;32m  OK  [0m] Started /etc/rc.local Compatibility.
         Starting Login to default iSCSI targets...
[[0;32m  OK  [0m] Started Login Service.
[[0;32m  OK  [0m] Started vboxadd.service.
         Starting vboxadd-service.service...
[[0;32m  OK  [0m] Started LSB: Record successful boot for GRUB.
[[0;32m  OK  [0m] Started LSB: MD monitoring daemon.
[[0;32m  OK  [0m] Started Login to default iSCSI targets.
[[0;32m  OK  [0m] Reached target Remote File Systems (Pre).
[[0;32m  OK  [0m] Reached target Remote File Systems.
         Starting LSB: Set the CPU Frequency Scaling governor to "ondemand"...
         Starting LSB: automatic crash report generation...
         Starting Permit User Sessions...
         Starting LSB: daemon to balance interrupts for SMP systems...
[[0;32m  OK  [0m] Started Permit User Sessions.
         Starting Terminate Plymouth Boot Screen...
         Starting Hold until boot process finishes up...
[[0;32m  OK  [0m] Started vboxadd-service.service.
[[0;32m  OK  [0m] Started LSB: Set the CPU Frequency Scaling governor to "ondemand".
[[0;32m  OK  [0m] Started LSB: daemon to balance interrupts for SMP systems.
[[0;32m  OK  [0m] Started Terminate Plymouth Boot Screen.
[[0;32m  OK  [0m] Started Hold until boot process finishes up.
[[0;32m  OK  [0m] Started Serial Getty on ttyS0.
[[0;32m  OK  [0m] Started Getty on tty1.
[[0;32m  OK  [0m] Reached target Login Prompts.
         Starting Set console scheme...
[[0;32m  OK  [0m] Started Set console scheme.
[[0;32m  OK  [0m] Started LSB: automatic crash report generation.
[[0;32m  OK  [0m] Started OpenBSD Secure Shell server.
         Starting Authenticate and Authorize Users to Run Privileged Tasks...
[[0;32m  OK  [0m] Started Authenticate and Authorize Users to Run Privileged Tasks.
[[0;32m  OK  [0m] Started Accounts Service.
[[0;32m  OK  [0m] Started LXD - container startup/shutdown.
[[0;32m  OK  [0m] Started Snappy daemon.
         Starting Wait until snapd is fully seeded...
[[0;32m  OK  [0m] Started Wait until snapd is fully seeded.
         Starting Apply the settings specified in cloud-config...
[[0;32m  OK  [0m] Created slice User Slice of vagrant.
         Starting User Manager for UID 1000...
[[0;32m  OK  [0m] Started Session 1 of user vagrant.
[[0;32m  OK  [0m] Started User Manager for UID 1000.
[   21.378631] cloud-init[1256]: Cloud-init v. 18.3-9-g2e62cb8a-0ubuntu1~16.04.2 running 'modules:config' at Fri, 24 Aug 2018 09:45:16 +0000. Up 20.99 seconds.
[[0;32m  OK  [0m] Started Apply the settings specified in cloud-config.
[[0;32m  OK  [0m] Started MySQL Community Server.
[[0;32m  OK  [0m] Reached target Multi-User System.
         Starting Execute cloud user/final scripts...
[[0;32m  OK  [0m] Reached target Graphical Interface.
         Starting Update UTMP about System Runlevel Changes...
[   24.468338] cloud-init[1488]: Cloud-init v. 18.3-9-g2e62cb8a-0ubuntu1~16.04.2 running 'modules:final' at Fri, 24 Aug 2018 09:45:19 +0000. Up 23.92 seconds.
[   24.471271] cloud-init[1488]: Cloud-init v. 18.3-9-g2e62cb8a-0ubuntu1~16.04.2 finished at Fri, 24 Aug 2018 09:45:20 +0000. Datasource DataSourceNoCloud [seed=/dev/sdb][dsmode=net].  Up 24.45 seconds

Ubuntu 16.04.5 LTS ubuntu-xenial ttyS0

ubuntu-xenial login: 